[36mINFO[0m[2025-08-03T15:20:13+07:00]C:/Users/66945/Desktop/Task-Management-API/internal/user/repository/gorm_user_repository.go:34 mymodule/internal/user/repository.(*GormUserRepository).FindByEmail() User not found by email                       [36memail[0m=5@gmail.com
[36mINFO[0m[2025-08-03T15:20:13+07:00]C:/Users/66945/Desktop/Task-Management-API/internal/user/repository/gorm_user_repository.go:25 mymodule/internal/user/repository.(*GormUserRepository).Save() User created successfully                     [36memail[0m=5@gmail.com [36muserID[0m=1
[36mINFO[0m[2025-08-03T15:20:13+07:00]C:/Users/66945/Desktop/Task-Management-API/internal/user/usecase/user_usecase.go:69 mymodule/internal/user/usecase.(*UserusecaseImpl).Register() User created : 5@gmail.com                   
[36mINFO[0m[2025-08-03T15:20:17+07:00]C:/Users/66945/Desktop/Task-Management-API/internal/user/repository/gorm_user_repository.go:34 mymodule/internal/user/repository.(*GormUserRepository).FindByEmail() User not found by email                       [36memail[0m=2@gmail.com
[36mINFO[0m[2025-08-03T15:20:17+07:00]C:/Users/66945/Desktop/Task-Management-API/internal/user/repository/gorm_user_repository.go:25 mymodule/internal/user/repository.(*GormUserRepository).Save() User created successfully                     [36memail[0m=2@gmail.com [36muserID[0m=2
[36mINFO[0m[2025-08-03T15:20:17+07:00]C:/Users/66945/Desktop/Task-Management-API/internal/user/usecase/user_usecase.go:69 mymodule/internal/user/usecase.(*UserusecaseImpl).Register() User created : 2@gmail.com                   
[36mINFO[0m[2025-08-03T15:20:21+07:00]C:/Users/66945/Desktop/Task-Management-API/internal/user/repository/gorm_user_repository.go:34 mymodule/internal/user/repository.(*GormUserRepository).FindByEmail() User not found by email                       [36memail[0m=3@gmail.com
[36mINFO[0m[2025-08-03T15:20:21+07:00]C:/Users/66945/Desktop/Task-Management-API/internal/user/repository/gorm_user_repository.go:25 mymodule/internal/user/repository.(*GormUserRepository).Save() User created successfully                     [36memail[0m=3@gmail.com [36muserID[0m=3
[36mINFO[0m[2025-08-03T15:20:21+07:00]C:/Users/66945/Desktop/Task-Management-API/internal/user/usecase/user_usecase.go:69 mymodule/internal/user/usecase.(*UserusecaseImpl).Register() User created : 3@gmail.com                   
[36mINFO[0m[2025-08-03T15:20:25+07:00]C:/Users/66945/Desktop/Task-Management-API/internal/user/repository/gorm_user_repository.go:34 mymodule/internal/user/repository.(*GormUserRepository).FindByEmail() User not found by email                       [36memail[0m=4@gmail.com
[36mINFO[0m[2025-08-03T15:20:25+07:00]C:/Users/66945/Desktop/Task-Management-API/internal/user/repository/gorm_user_repository.go:25 mymodule/internal/user/repository.(*GormUserRepository).Save() User created successfully                     [36memail[0m=4@gmail.com [36muserID[0m=4
[36mINFO[0m[2025-08-03T15:20:25+07:00]C:/Users/66945/Desktop/Task-Management-API/internal/user/usecase/user_usecase.go:69 mymodule/internal/user/usecase.(*UserusecaseImpl).Register() User created : 4@gmail.com                   
[36mINFO[0m[2025-08-03T15:20:31+07:00]C:/Users/66945/Desktop/Task-Management-API/internal/user/repository/gorm_user_repository.go:45 mymodule/internal/user/repository.(*GormUserRepository).FindByEmail() User found by email                           [36memail[0m=5@gmail.com [36muserID[0m=1
[33mWARN[0m[2025-08-03T15:20:31+07:00]C:/Users/66945/Desktop/Task-Management-API/internal/user/usecase/user_usecase.go:51 mymodule/internal/user/usecase.(*UserusecaseImpl).Register() Email already exists: 5@gmail.com            
[36mINFO[0m[2025-08-03T15:20:35+07:00]C:/Users/66945/Desktop/Task-Management-API/internal/user/repository/gorm_user_repository.go:34 mymodule/internal/user/repository.(*GormUserRepository).FindByEmail() User not found by email                       [36memail[0m=6@gmail.com
[36mINFO[0m[2025-08-03T15:20:35+07:00]C:/Users/66945/Desktop/Task-Management-API/internal/user/repository/gorm_user_repository.go:25 mymodule/internal/user/repository.(*GormUserRepository).Save() User created successfully                     [36memail[0m=6@gmail.com [36muserID[0m=5
[36mINFO[0m[2025-08-03T15:20:35+07:00]C:/Users/66945/Desktop/Task-Management-API/internal/user/usecase/user_usecase.go:69 mymodule/internal/user/usecase.(*UserusecaseImpl).Register() User created : 6@gmail.com                   
[31mERRO[0m[2025-08-03T15:20:54+07:00]C:/Users/66945/Desktop/Task-Management-API/internal/task/handler/http_task_handler.go:40 mymodule/internal/task/handler.(*HttpTaskhandler).Create() Invalid userID from context                  
[31mERRO[0m[2025-08-03T15:20:54+07:00]C:/Users/66945/Desktop/Task-Management-API/internal/task/handler/http_task_handler.go:40 mymodule/internal/task/handler.(*HttpTaskhandler).Create() Invalid userID from context                  
[36mINFO[0m[2025-08-03T15:20:57+07:00]C:/Users/66945/Desktop/Task-Management-API/pkg/middleware/middleware.go:38 mymodule/internal/user/handler.NewUserHandler.Middleware.func1() Authorized user ID from cookie: 1            
[36mINFO[0m[2025-08-03T15:20:57+07:00]C:/Users/66945/Desktop/Task-Management-API/internal/user/repository/gorm_user_repository.go:65 mymodule/internal/user/repository.(*GormUserRepository).FindByID() User found by ID                              [36memail[0m=5@gmail.com [36muserID[0m=1
[36mINFO[0m[2025-08-03T15:20:57+07:00]C:/Users/66945/Desktop/Task-Management-API/internal/user/repository/gorm_user_repository.go:83 mymodule/internal/user/repository.(*GormUserRepository).Delete() User deleted successfully                     [36muserID[0m=1
[36mINFO[0m[2025-08-03T15:20:57+07:00]C:/Users/66945/Desktop/Task-Management-API/internal/user/usecase/user_usecase.go:167 mymodule/internal/user/usecase.(*UserusecaseImpl).DeleteUser() User deleted : 1                             
[36mINFO[0m[2025-08-03T15:20:58+07:00]C:/Users/66945/Desktop/Task-Management-API/pkg/middleware/middleware.go:38 mymodule/internal/user/handler.NewUserHandler.Middleware.func1() Authorized user ID from cookie: 1            
[36mINFO[0m[2025-08-03T15:20:58+07:00]C:/Users/66945/Desktop/Task-Management-API/internal/user/repository/gorm_user_repository.go:54 mymodule/internal/user/repository.(*GormUserRepository).FindByID() User not found by ID                          [36muserID[0m=1
[33mWARN[0m[2025-08-03T15:20:58+07:00]C:/Users/66945/Desktop/Task-Management-API/internal/user/usecase/user_usecase.go:150 mymodule/internal/user/usecase.(*UserusecaseImpl).DeleteUser() Delete failed: user not found                
[36mINFO[0m[2025-08-03T15:20:58+07:00]C:/Users/66945/Desktop/Task-Management-API/pkg/middleware/middleware.go:38 mymodule/internal/user/handler.NewUserHandler.Middleware.func1() Authorized user ID from cookie: 1            
[36mINFO[0m[2025-08-03T15:20:58+07:00]C:/Users/66945/Desktop/Task-Management-API/internal/user/repository/gorm_user_repository.go:54 mymodule/internal/user/repository.(*GormUserRepository).FindByID() User not found by ID                          [36muserID[0m=1
[33mWARN[0m[2025-08-03T15:20:58+07:00]C:/Users/66945/Desktop/Task-Management-API/internal/user/usecase/user_usecase.go:150 mymodule/internal/user/usecase.(*UserusecaseImpl).DeleteUser() Delete failed: user not found                
[36mINFO[0m[2025-08-03T15:21:09+07:00]C:/Users/66945/Desktop/Task-Management-API/pkg/middleware/middleware.go:38 mymodule/internal/user/handler.NewUserHandler.Middleware.func1() Authorized user ID from cookie: 1            
[36mINFO[0m[2025-08-03T15:21:09+07:00]C:/Users/66945/Desktop/Task-Management-API/internal/user/repository/gorm_user_repository.go:54 mymodule/internal/user/repository.(*GormUserRepository).FindByID() User not found by ID                          [36muserID[0m=1
[33mWARN[0m[2025-08-03T15:21:09+07:00]C:/Users/66945/Desktop/Task-Management-API/internal/user/usecase/user_usecase.go:113 mymodule/internal/user/usecase.(*UserusecaseImpl).UpdateUser() Update failed: user not found                
[36mINFO[0m[2025-08-03T15:21:14+07:00]C:/Users/66945/Desktop/Task-Management-API/pkg/middleware/middleware.go:38 mymodule/internal/user/handler.NewUserHandler.Middleware.func1() Authorized user ID from cookie: 1            
[36mINFO[0m[2025-08-03T15:21:14+07:00]C:/Users/66945/Desktop/Task-Management-API/internal/user/repository/gorm_user_repository.go:54 mymodule/internal/user/repository.(*GormUserRepository).FindByID() User not found by ID                          [36muserID[0m=1
[33mWARN[0m[2025-08-03T15:21:14+07:00]C:/Users/66945/Desktop/Task-Management-API/internal/user/usecase/user_usecase.go:113 mymodule/internal/user/usecase.(*UserusecaseImpl).UpdateUser() Update failed: user not found                
[36mINFO[0m[2025-08-03T15:21:38+07:00]C:/Users/66945/Desktop/Task-Management-API/internal/user/repository/gorm_user_repository.go:34 mymodule/internal/user/repository.(*GormUserRepository).FindByEmail() User not found by email                       [36memail[0m=1@gmail.com
[33mWARN[0m[2025-08-03T15:21:38+07:00]C:/Users/66945/Desktop/Task-Management-API/internal/user/usecase/user_usecase.go:87 mymodule/internal/user/usecase.(*UserusecaseImpl).Login() Login failed : user is nil                   
[36mINFO[0m[2025-08-03T15:21:54+07:00]C:/Users/66945/Desktop/Task-Management-API/pkg/middleware/middleware.go:38 mymodule/internal/user/handler.NewUserHandler.Middleware.func1() Authorized user ID from cookie: 1            
[36mINFO[0m[2025-08-03T15:21:54+07:00]C:/Users/66945/Desktop/Task-Management-API/internal/user/repository/gorm_user_repository.go:54 mymodule/internal/user/repository.(*GormUserRepository).FindByID() User not found by ID                          [36muserID[0m=1
[33mWARN[0m[2025-08-03T15:21:54+07:00]C:/Users/66945/Desktop/Task-Management-API/internal/user/usecase/user_usecase.go:113 mymodule/internal/user/usecase.(*UserusecaseImpl).UpdateUser() Update failed: user not found                
[36mINFO[0m[2025-08-03T15:21:54+07:00]C:/Users/66945/Desktop/Task-Management-API/pkg/middleware/middleware.go:38 mymodule/internal/user/handler.NewUserHandler.Middleware.func1() Authorized user ID from cookie: 1            
[36mINFO[0m[2025-08-03T15:21:54+07:00]C:/Users/66945/Desktop/Task-Management-API/internal/user/repository/gorm_user_repository.go:54 mymodule/internal/user/repository.(*GormUserRepository).FindByID() User not found by ID                          [36muserID[0m=1
[33mWARN[0m[2025-08-03T15:21:54+07:00]C:/Users/66945/Desktop/Task-Management-API/internal/user/usecase/user_usecase.go:113 mymodule/internal/user/usecase.(*UserusecaseImpl).UpdateUser() Update failed: user not found                
[36mINFO[0m[2025-08-03T15:21:56+07:00]C:/Users/66945/Desktop/Task-Management-API/pkg/middleware/middleware.go:38 mymodule/internal/user/handler.NewUserHandler.Middleware.func1() Authorized user ID from cookie: 1            
[36mINFO[0m[2025-08-03T15:21:56+07:00]C:/Users/66945/Desktop/Task-Management-API/internal/user/repository/gorm_user_repository.go:54 mymodule/internal/user/repository.(*GormUserRepository).FindByID() User not found by ID                          [36muserID[0m=1
[33mWARN[0m[2025-08-03T15:21:56+07:00]C:/Users/66945/Desktop/Task-Management-API/internal/user/usecase/user_usecase.go:113 mymodule/internal/user/usecase.(*UserusecaseImpl).UpdateUser() Update failed: user not found                
[36mINFO[0m[2025-08-03T15:22:00+07:00]C:/Users/66945/Desktop/Task-Management-API/internal/user/repository/gorm_user_repository.go:45 mymodule/internal/user/repository.(*GormUserRepository).FindByEmail() User found by email                           [36memail[0m=2@gmail.com [36muserID[0m=2
[36mINFO[0m[2025-08-03T15:22:00+07:00]C:/Users/66945/Desktop/Task-Management-API/internal/user/usecase/user_usecase.go:105 mymodule/internal/user/usecase.(*UserusecaseImpl).Login() User logged in : 2@gmail.com                 
[36mINFO[0m[2025-08-03T15:22:03+07:00]C:/Users/66945/Desktop/Task-Management-API/pkg/middleware/middleware.go:38 mymodule/internal/user/handler.NewUserHandler.Middleware.func1() Authorized user ID from cookie: 2            
[36mINFO[0m[2025-08-03T15:22:03+07:00]C:/Users/66945/Desktop/Task-Management-API/internal/user/repository/gorm_user_repository.go:65 mymodule/internal/user/repository.(*GormUserRepository).FindByID() User found by ID                              [36memail[0m=2@gmail.com [36muserID[0m=2
[36mINFO[0m[2025-08-03T15:22:03+07:00]C:/Users/66945/Desktop/Task-Management-API/internal/user/repository/gorm_user_repository.go:45 mymodule/internal/user/repository.(*GormUserRepository).FindByEmail() User found by email                           [36memail[0m=2@gmail.com [36muserID[0m=2
[36mINFO[0m[2025-08-03T15:22:03+07:00]C:/Users/66945/Desktop/Task-Management-API/internal/user/repository/gorm_user_repository.go:74 mymodule/internal/user/repository.(*GormUserRepository).Update() User updated successfully                     [36memail[0m=2@gmail.com [36muserID[0m=2
[36mINFO[0m[2025-08-03T15:22:03+07:00]C:/Users/66945/Desktop/Task-Management-API/internal/user/usecase/user_usecase.go:141 mymodule/internal/user/usecase.(*UserusecaseImpl).UpdateUser() User update : 2                              
[36mINFO[0m[2025-08-03T15:22:12+07:00]C:/Users/66945/Desktop/Task-Management-API/pkg/middleware/middleware.go:38 mymodule/internal/user/handler.NewUserHandler.Middleware.func1() Authorized user ID from cookie: 2            
[36mINFO[0m[2025-08-03T15:22:12+07:00]C:/Users/66945/Desktop/Task-Management-API/internal/user/repository/gorm_user_repository.go:65 mymodule/internal/user/repository.(*GormUserRepository).FindByID() User found by ID                              [36memail[0m=2@gmail.com [36muserID[0m=2
[36mINFO[0m[2025-08-03T15:22:12+07:00]C:/Users/66945/Desktop/Task-Management-API/internal/user/repository/gorm_user_repository.go:83 mymodule/internal/user/repository.(*GormUserRepository).Delete() User deleted successfully                     [36muserID[0m=2
[36mINFO[0m[2025-08-03T15:22:12+07:00]C:/Users/66945/Desktop/Task-Management-API/internal/user/usecase/user_usecase.go:167 mymodule/internal/user/usecase.(*UserusecaseImpl).DeleteUser() User deleted : 2                             
[36mINFO[0m[2025-08-03T15:22:33+07:00]C:/Users/66945/Desktop/Task-Management-API/internal/user/repository/gorm_user_repository.go:45 mymodule/internal/user/repository.(*GormUserRepository).FindByEmail() User found by email                           [36memail[0m=3@gmail.com [36muserID[0m=3
[36mINFO[0m[2025-08-03T15:22:33+07:00]C:/Users/66945/Desktop/Task-Management-API/internal/user/usecase/user_usecase.go:105 mymodule/internal/user/usecase.(*UserusecaseImpl).Login() User logged in : 3@gmail.com                 
[36mINFO[0m[2025-08-03T15:22:40+07:00]C:/Users/66945/Desktop/Task-Management-API/pkg/middleware/middleware.go:38 mymodule/internal/user/handler.NewUserHandler.Middleware.func1() Authorized user ID from cookie: 3            
[36mINFO[0m[2025-08-03T15:22:40+07:00]C:/Users/66945/Desktop/Task-Management-API/internal/user/repository/gorm_user_repository.go:65 mymodule/internal/user/repository.(*GormUserRepository).FindByID() User found by ID                              [36memail[0m=3@gmail.com [36muserID[0m=3
[36mINFO[0m[2025-08-03T15:22:40+07:00]C:/Users/66945/Desktop/Task-Management-API/internal/user/repository/gorm_user_repository.go:34 mymodule/internal/user/repository.(*GormUserRepository).FindByEmail() User not found by email                       [36memail[0m=2@gmail.com
[31mERRO[0m[2025-08-03T15:22:40+07:00]C:/Users/66945/Desktop/Task-Management-API/internal/user/repository/gorm_user_repository.go:71 mymodule/internal/user/repository.(*GormUserRepository).Update() Failed to update user                         [31memail[0m=2@gmail.com [31muserID[0m=3
[31mERRO[0m[2025-08-03T15:22:40+07:00]C:/Users/66945/Desktop/Task-Management-API/internal/user/usecase/user_usecase.go:137 mymodule/internal/user/usecase.(*UserusecaseImpl).UpdateUser() Update failed : UNIQUE constraint failed: users.email 
[36mINFO[0m[2025-08-03T15:22:45+07:00]C:/Users/66945/Desktop/Task-Management-API/pkg/middleware/middleware.go:38 mymodule/internal/user/handler.NewUserHandler.Middleware.func1() Authorized user ID from cookie: 3            
[36mINFO[0m[2025-08-03T15:22:45+07:00]C:/Users/66945/Desktop/Task-Management-API/internal/user/repository/gorm_user_repository.go:65 mymodule/internal/user/repository.(*GormUserRepository).FindByID() User found by ID                              [36memail[0m=3@gmail.com [36muserID[0m=3
[36mINFO[0m[2025-08-03T15:22:45+07:00]C:/Users/66945/Desktop/Task-Management-API/internal/user/repository/gorm_user_repository.go:34 mymodule/internal/user/repository.(*GormUserRepository).FindByEmail() User not found by email                       [36memail[0m=12@gmail.com
[36mINFO[0m[2025-08-03T15:22:45+07:00]C:/Users/66945/Desktop/Task-Management-API/internal/user/repository/gorm_user_repository.go:74 mymodule/internal/user/repository.(*GormUserRepository).Update() User updated successfully                     [36memail[0m=12@gmail.com [36muserID[0m=3
[36mINFO[0m[2025-08-03T15:22:45+07:00]C:/Users/66945/Desktop/Task-Management-API/internal/user/usecase/user_usecase.go:141 mymodule/internal/user/usecase.(*UserusecaseImpl).UpdateUser() User update : 3                              
[36mINFO[0m[2025-08-03T15:22:52+07:00]C:/Users/66945/Desktop/Task-Management-API/pkg/middleware/middleware.go:38 mymodule/internal/user/handler.NewUserHandler.Middleware.func1() Authorized user ID from cookie: 3            
[36mINFO[0m[2025-08-03T15:22:52+07:00]C:/Users/66945/Desktop/Task-Management-API/internal/user/repository/gorm_user_repository.go:65 mymodule/internal/user/repository.(*GormUserRepository).FindByID() User found by ID                              [36memail[0m=12@gmail.com [36muserID[0m=3
[36mINFO[0m[2025-08-03T15:22:52+07:00]C:/Users/66945/Desktop/Task-Management-API/internal/user/repository/gorm_user_repository.go:83 mymodule/internal/user/repository.(*GormUserRepository).Delete() User deleted successfully                     [36muserID[0m=3
[36mINFO[0m[2025-08-03T15:22:52+07:00]C:/Users/66945/Desktop/Task-Management-API/internal/user/usecase/user_usecase.go:167 mymodule/internal/user/usecase.(*UserusecaseImpl).DeleteUser() User deleted : 3                             
[36mINFO[0m[2025-08-03T15:23:03+07:00]C:/Users/66945/Desktop/Task-Management-API/pkg/middleware/middleware.go:38 mymodule/internal/user/handler.NewUserHandler.Middleware.func1() Authorized user ID from cookie: 3            
[36mINFO[0m[2025-08-03T15:23:03+07:00]C:/Users/66945/Desktop/Task-Management-API/internal/user/repository/gorm_user_repository.go:54 mymodule/internal/user/repository.(*GormUserRepository).FindByID() User not found by ID                          [36muserID[0m=3
[33mWARN[0m[2025-08-03T15:23:03+07:00]C:/Users/66945/Desktop/Task-Management-API/internal/user/usecase/user_usecase.go:113 mymodule/internal/user/usecase.(*UserusecaseImpl).UpdateUser() Update failed: user not found                
[36mINFO[0m[2025-08-03T15:23:15+07:00]C:/Users/66945/Desktop/Task-Management-API/pkg/middleware/middleware.go:38 mymodule/internal/user/handler.NewUserHandler.Middleware.func1() Authorized user ID from cookie: 3            
[36mINFO[0m[2025-08-03T15:23:15+07:00]C:/Users/66945/Desktop/Task-Management-API/internal/user/repository/gorm_user_repository.go:54 mymodule/internal/user/repository.(*GormUserRepository).FindByID() User not found by ID                          [36muserID[0m=3
[33mWARN[0m[2025-08-03T15:23:15+07:00]C:/Users/66945/Desktop/Task-Management-API/internal/user/usecase/user_usecase.go:113 mymodule/internal/user/usecase.(*UserusecaseImpl).UpdateUser() Update failed: user not found                
[36mINFO[0m[2025-08-03T15:23:27+07:00]C:/Users/66945/Desktop/Task-Management-API/internal/user/repository/gorm_user_repository.go:45 mymodule/internal/user/repository.(*GormUserRepository).FindByEmail() User found by email                           [36memail[0m=4@gmail.com [36muserID[0m=4
[36mINFO[0m[2025-08-03T15:23:27+07:00]C:/Users/66945/Desktop/Task-Management-API/internal/user/usecase/user_usecase.go:105 mymodule/internal/user/usecase.(*UserusecaseImpl).Login() User logged in : 4@gmail.com                 
[36mINFO[0m[2025-08-03T15:23:32+07:00]C:/Users/66945/Desktop/Task-Management-API/pkg/middleware/middleware.go:38 mymodule/internal/user/handler.NewUserHandler.Middleware.func1() Authorized user ID from cookie: 4            
[36mINFO[0m[2025-08-03T15:23:32+07:00]C:/Users/66945/Desktop/Task-Management-API/internal/user/repository/gorm_user_repository.go:65 mymodule/internal/user/repository.(*GormUserRepository).FindByID() User found by ID                              [36memail[0m=4@gmail.com [36muserID[0m=4
[36mINFO[0m[2025-08-03T15:23:32+07:00]C:/Users/66945/Desktop/Task-Management-API/internal/user/repository/gorm_user_repository.go:34 mymodule/internal/user/repository.(*GormUserRepository).FindByEmail() User not found by email                       [36memail[0m=13@gmail.com
[36mINFO[0m[2025-08-03T15:23:32+07:00]C:/Users/66945/Desktop/Task-Management-API/internal/user/repository/gorm_user_repository.go:74 mymodule/internal/user/repository.(*GormUserRepository).Update() User updated successfully                     [36memail[0m=13@gmail.com [36muserID[0m=4
[36mINFO[0m[2025-08-03T15:23:32+07:00]C:/Users/66945/Desktop/Task-Management-API/internal/user/usecase/user_usecase.go:141 mymodule/internal/user/usecase.(*UserusecaseImpl).UpdateUser() User update : 4                              
[31mERRO[0m[2025-08-03T15:23:42+07:00]C:/Users/66945/Desktop/Task-Management-API/internal/task/handler/http_task_handler.go:40 mymodule/internal/task/handler.(*HttpTaskhandler).Create() Invalid userID from context                  
[31mERRO[0m[2025-08-03T15:23:43+07:00]C:/Users/66945/Desktop/Task-Management-API/internal/task/handler/http_task_handler.go:40 mymodule/internal/task/handler.(*HttpTaskhandler).Create() Invalid userID from context                  
[31mERRO[0m[2025-08-03T15:23:44+07:00]C:/Users/66945/Desktop/Task-Management-API/internal/task/handler/http_task_handler.go:40 mymodule/internal/task/handler.(*HttpTaskhandler).Create() Invalid userID from context                  
[31mERRO[0m[2025-08-03T15:23:45+07:00]C:/Users/66945/Desktop/Task-Management-API/internal/task/handler/http_task_handler.go:40 mymodule/internal/task/handler.(*HttpTaskhandler).Create() Invalid userID from context                  
[31mERRO[0m[2025-08-03T15:23:57+07:00]C:/Users/66945/Desktop/Task-Management-API/internal/task/handler/http_task_handler.go:40 mymodule/internal/task/handler.(*HttpTaskhandler).Create() Invalid userID from context                  
[31mERRO[0m[2025-08-03T15:24:04+07:00]C:/Users/66945/Desktop/Task-Management-API/internal/task/handler/http_task_handler.go:40 mymodule/internal/task/handler.(*HttpTaskhandler).Create() Invalid userID from context                  
[36mINFO[0m[2025-08-03T15:28:54+07:00]C:/Users/66945/Desktop/Task-Management-API/internal/user/repository/gorm_user_repository.go:45 mymodule/internal/user/repository.(*GormUserRepository).FindByEmail() User found by email                           [36memail[0m=6@gmail.com [36muserID[0m=5
[36mINFO[0m[2025-08-03T15:28:54+07:00]C:/Users/66945/Desktop/Task-Management-API/internal/user/usecase/user_usecase.go:105 mymodule/internal/user/usecase.(*UserusecaseImpl).Login() User logged in : 6@gmail.com                 
[36mINFO[0m[2025-08-03T15:29:04+07:00]C:/Users/66945/Desktop/Task-Management-API/pkg/middleware/middleware.go:38 mymodule/internal/user/handler.NewUserHandler.Middleware.func1() Authorized user ID from cookie: 5            
[36mINFO[0m[2025-08-03T15:29:04+07:00]C:/Users/66945/Desktop/Task-Management-API/internal/user/repository/gorm_user_repository.go:65 mymodule/internal/user/repository.(*GormUserRepository).FindByID() User found by ID                              [36memail[0m=6@gmail.com [36muserID[0m=5
[36mINFO[0m[2025-08-03T15:29:04+07:00]C:/Users/66945/Desktop/Task-Management-API/internal/user/repository/gorm_user_repository.go:34 mymodule/internal/user/repository.(*GormUserRepository).FindByEmail() User not found by email                       [36memail[0m=12@gmail.com
[31mERRO[0m[2025-08-03T15:29:04+07:00]C:/Users/66945/Desktop/Task-Management-API/internal/user/repository/gorm_user_repository.go:71 mymodule/internal/user/repository.(*GormUserRepository).Update() Failed to update user                         [31memail[0m=12@gmail.com [31muserID[0m=5
[31mERRO[0m[2025-08-03T15:29:04+07:00]C:/Users/66945/Desktop/Task-Management-API/internal/user/usecase/user_usecase.go:137 mymodule/internal/user/usecase.(*UserusecaseImpl).UpdateUser() Update failed : UNIQUE constraint failed: users.email 
[36mINFO[0m[2025-08-03T15:29:08+07:00]C:/Users/66945/Desktop/Task-Management-API/pkg/middleware/middleware.go:38 mymodule/internal/user/handler.NewUserHandler.Middleware.func1() Authorized user ID from cookie: 5            
[36mINFO[0m[2025-08-03T15:29:08+07:00]C:/Users/66945/Desktop/Task-Management-API/internal/user/repository/gorm_user_repository.go:65 mymodule/internal/user/repository.(*GormUserRepository).FindByID() User found by ID                              [36memail[0m=6@gmail.com [36muserID[0m=5
[36mINFO[0m[2025-08-03T15:29:08+07:00]C:/Users/66945/Desktop/Task-Management-API/internal/user/repository/gorm_user_repository.go:34 mymodule/internal/user/repository.(*GormUserRepository).FindByEmail() User not found by email                       [36memail[0m=19@gmail.com
[36mINFO[0m[2025-08-03T15:29:08+07:00]C:/Users/66945/Desktop/Task-Management-API/internal/user/repository/gorm_user_repository.go:74 mymodule/internal/user/repository.(*GormUserRepository).Update() User updated successfully                     [36memail[0m=19@gmail.com [36muserID[0m=5
[36mINFO[0m[2025-08-03T15:29:08+07:00]C:/Users/66945/Desktop/Task-Management-API/internal/user/usecase/user_usecase.go:141 mymodule/internal/user/usecase.(*UserusecaseImpl).UpdateUser() User update : 5                              
[36mINFO[0m[2025-08-03T15:35:42+07:00]C:/Users/66945/Desktop/Task-Management-API/internal/user/repository/gorm_user_repository.go:34 mymodule/internal/user/repository.(*GormUserRepository).FindByEmail() User not found by email                       [36memail[0m=6@gmail.com
[33mWARN[0m[2025-08-03T15:35:42+07:00]C:/Users/66945/Desktop/Task-Management-API/internal/user/usecase/user_usecase.go:87 mymodule/internal/user/usecase.(*UserusecaseImpl).Login() Login failed : user is nil                   
[36mINFO[0m[2025-08-03T15:35:46+07:00]C:/Users/66945/Desktop/Task-Management-API/internal/user/repository/gorm_user_repository.go:45 mymodule/internal/user/repository.(*GormUserRepository).FindByEmail() User found by email                           [36memail[0m=19@gmail.com [36muserID[0m=5
[36mINFO[0m[2025-08-03T15:35:46+07:00]C:/Users/66945/Desktop/Task-Management-API/internal/user/usecase/user_usecase.go:105 mymodule/internal/user/usecase.(*UserusecaseImpl).Login() User logged in : 19@gmail.com                
[36mINFO[0m[2025-08-03T15:35:51+07:00]C:/Users/66945/Desktop/Task-Management-API/pkg/middleware/middleware.go:38 mymodule/internal/user/handler.NewUserHandler.Middleware.func1() Authorized user ID from cookie: 5            
[36mINFO[0m[2025-08-03T15:35:51+07:00]C:/Users/66945/Desktop/Task-Management-API/internal/user/repository/gorm_user_repository.go:65 mymodule/internal/user/repository.(*GormUserRepository).FindByID() User found by ID                              [36memail[0m=19@gmail.com [36muserID[0m=5
[36mINFO[0m[2025-08-03T15:35:51+07:00]C:/Users/66945/Desktop/Task-Management-API/internal/user/repository/gorm_user_repository.go:34 mymodule/internal/user/repository.(*GormUserRepository).FindByEmail() User not found by email                       [36memail[0m=55@gmail.com
[36mINFO[0m[2025-08-03T15:35:51+07:00]C:/Users/66945/Desktop/Task-Management-API/internal/user/repository/gorm_user_repository.go:74 mymodule/internal/user/repository.(*GormUserRepository).Update() User updated successfully                     [36memail[0m=55@gmail.com [36muserID[0m=5
[36mINFO[0m[2025-08-03T15:35:51+07:00]C:/Users/66945/Desktop/Task-Management-API/internal/user/usecase/user_usecase.go:141 mymodule/internal/user/usecase.(*UserusecaseImpl).UpdateUser() User update : 5                              
[36mINFO[0m[2025-08-03T15:35:54+07:00]C:/Users/66945/Desktop/Task-Management-API/pkg/middleware/middleware.go:38 mymodule/internal/task/handler.NewTaskHandler.Middleware.func1() Authorized user ID from cookie: 5            
[36mINFO[0m[2025-08-03T15:35:54+07:00]C:/Users/66945/Desktop/Task-Management-API/internal/task/repository/gorm_task_repository.go:23 mymodule/internal/task/repository.(*GormTaskRepository).Save() Task saved successfully                       [36mdue_date[0m="2025-08-10 19:00:00 +0000 UTC" [36mstatus[0m=pending [36mtaskID[0m=1 [36mtitle[0m="Write blog post" [36muserID[0m=5
[36mINFO[0m[2025-08-03T15:35:54+07:00]C:/Users/66945/Desktop/Task-Management-API/internal/task/usecase/task_usecase.go:57 mymodule/internal/task/usecase.(*TaskusecaseImpl).Create() Task created successfully                     [36muserID[0m=5
